[debug] [2023-05-27T06:52:06.227Z] ----------------------------------------------------------------------
[debug] [2023-05-27T06:52:06.232Z] Command:       C:\Program Files\nodejs\node.exe C:\Users\HP\AppData\Roaming\npm\node_modules\firebase-tools\lib\bin\firebase.js init
[debug] [2023-05-27T06:52:06.232Z] CLI Version:   12.2.1
[debug] [2023-05-27T06:52:06.233Z] Platform:      win32
[debug] [2023-05-27T06:52:06.234Z] Node Version:  v18.15.0
[debug] [2023-05-27T06:52:06.236Z] Time:          Sat May 27 2023 12:22:06 GMT+0530 (India Standard Time)
[debug] [2023-05-27T06:52:06.237Z] ----------------------------------------------------------------------
[debug] 
[debug] [2023-05-27T06:52:06.437Z] > command requires scopes: ["email","openid","https://www.googleapis.com/auth/cloudplatformprojects.readonly","https://www.googleapis.com/auth/firebase","https://www.googleapis.com/auth/cloud-platform"]
[debug] [2023-05-27T06:52:06.438Z] > authorizing via signed-in user (jprashik42@gmail.com)
[info] 
     ######## #### ########  ######## ########     ###     ######  ########
     ##        ##  ##     ## ##       ##     ##  ##   ##  ##       ##
     ######    ##  ########  ######   ########  #########  ######  ######
     ##        ##  ##    ##  ##       ##     ## ##     ##       ## ##
     ##       #### ##     ## ######## ########  ##     ##  ######  ########

You're about to initialize a Firebase project in this directory:

  C:\Users\HP\Desktop\Portfolio\portfolio

Before we get started, keep in mind:

  * You are initializing within an existing Firebase project directory

[info] 
=== Project Setup
[info] 
[info] First, let's associate this project directory with a Firebase project.
[info] You can create multiple project aliases by running firebase use --add, 
[info] but for now we'll just set up a default project.
[info] 
[debug] [2023-05-27T06:52:40.427Z] Using project from CLI flag: message-2dce7
[debug] [2023-05-27T06:52:40.431Z] >>> [apiv2][query] GET https://firebase.googleapis.com/v1beta1/projects/message-2dce7 [none]
[debug] [2023-05-27T06:52:41.310Z] <<< [apiv2][status] GET https://firebase.googleapis.com/v1beta1/projects/message-2dce7 200
[debug] [2023-05-27T06:52:41.311Z] <<< [apiv2][body] GET https://firebase.googleapis.com/v1beta1/projects/message-2dce7 {"projectId":"message-2dce7","projectNumber":"282487172146","displayName":"message","name":"projects/message-2dce7","resources":{"hostingSite":"message-2dce7","realtimeDatabaseInstance":"message-2dce7-default-rtdb"},"state":"ACTIVE","etag":"1_f39dc79e-1ee8-4c22-b295-cfc6640c2005"}
[info] i  Using project message-2dce7 (message) 
[info] 
=== Firestore Setup
[debug] [2023-05-27T06:52:41.361Z] >>> [apiv2][query] GET https://serviceusage.googleapis.com/v1/projects/message-2dce7/services/firestore.googleapis.com [none]
[debug] [2023-05-27T06:52:41.362Z] >>> [apiv2][(partial)header] GET https://serviceusage.googleapis.com/v1/projects/message-2dce7/services/firestore.googleapis.com x-goog-quota-user=projects/message-2dce7
[debug] [2023-05-27T06:52:43.499Z] <<< [apiv2][status] GET https://serviceusage.googleapis.com/v1/projects/message-2dce7/services/firestore.googleapis.com 200
[debug] [2023-05-27T06:52:43.500Z] <<< [apiv2][body] GET https://serviceusage.googleapis.com/v1/projects/message-2dce7/services/firestore.googleapis.com [omitted]
[debug] [2023-05-27T06:52:43.503Z] >>> [apiv2][query] GET https://firestore.googleapis.com/v1/projects/message-2dce7/databases/(default) [none]
[debug] [2023-05-27T06:52:45.551Z] <<< [apiv2][status] GET https://firestore.googleapis.com/v1/projects/message-2dce7/databases/(default) 200
[debug] [2023-05-27T06:52:45.552Z] <<< [apiv2][body] GET https://firestore.googleapis.com/v1/projects/message-2dce7/databases/(default) {"name":"projects/message-2dce7/databases/(default)","uid":"26c29ea1-af6a-40e2-b1a2-51c1d079bbef","createTime":"2023-05-27T06:28:48.961558Z","updateTime":"2023-05-27T06:28:48.961558Z","locationId":"nam5","type":"FIRESTORE_NATIVE","concurrencyMode":"PESSIMISTIC","appEngineIntegrationMode":"DISABLED","keyPrefix":"s","deleteProtectionState":"DELETE_PROTECTION_DISABLED","etag":"IKXa0Oj0lP8CMJbolrvvlP8C"}
[debug] [2023-05-27T06:52:45.552Z] database_type: FIRESTORE_NATIVE
[debug] [2023-05-27T06:52:45.554Z] > command requires scopes: ["email","openid","https://www.googleapis.com/auth/cloudplatformprojects.readonly","https://www.googleapis.com/auth/firebase","https://www.googleapis.com/auth/cloud-platform"]
[debug] [2023-05-27T06:52:45.555Z] > authorizing via signed-in user (jprashik42@gmail.com)
[debug] [2023-05-27T06:52:45.556Z] [iam] checking project message-2dce7 for permissions ["firebase.projects.get"]
[debug] [2023-05-27T06:52:45.559Z] >>> [apiv2][query] POST https://cloudresourcemanager.googleapis.com/v1/projects/message-2dce7:testIamPermissions [none]
[debug] [2023-05-27T06:52:45.559Z] >>> [apiv2][(partial)header] POST https://cloudresourcemanager.googleapis.com/v1/projects/message-2dce7:testIamPermissions x-goog-quota-user=projects/message-2dce7
[debug] [2023-05-27T06:52:45.560Z] >>> [apiv2][body] POST https://cloudresourcemanager.googleapis.com/v1/projects/message-2dce7:testIamPermissions {"permissions":["firebase.projects.get"]}
[debug] [2023-05-27T06:52:47.392Z] <<< [apiv2][status] POST https://cloudresourcemanager.googleapis.com/v1/projects/message-2dce7:testIamPermissions 200
[debug] [2023-05-27T06:52:47.393Z] <<< [apiv2][body] POST https://cloudresourcemanager.googleapis.com/v1/projects/message-2dce7:testIamPermissions {"permissions":["firebase.projects.get"]}
[info] 
[info] Firestore Security Rules allow you to define how and when to allow
[info] requests. You can keep these rules in your project directory
[info] and publish them with firebase deploy.
[info] 
[info] 
[info] Firestore indexes allow you to perform complex queries while
[info] maintaining performance that scales with the size of the result
[info] set. You can keep index definitions in your project directory
[info] and publish them with firebase deploy.
[info] 
